<?xml version="1.0" encoding="UTF-8"?>
<coverage generated="1675698965903" clover="3.2.0">
  <project timestamp="1675698965903" name="All files">
    <metrics statements="21" coveredstatements="21" conditionals="13" coveredconditionals="13" methods="4" coveredmethods="4" elements="38" coveredelements="38" complexity="0" loc="21" ncloc="21" packages="1" files="1" classes="1"/>
    <file name="index.ts" path="/Users/igor/projects/estudos/abac-estudos/src/index.ts">
      <metrics statements="21" coveredstatements="21" conditionals="13" coveredconditionals="13" methods="4" coveredmethods="4"/>
      <line num="4" count="2" type="stmt"/>
      <line num="6" count="4" type="stmt"/>
      <line num="8" count="3" type="cond" truecount="1" falsecount="0"/>
      <line num="9" count="1" type="stmt"/>
      <line num="12" count="5" type="cond" truecount="1" falsecount="0"/>
      <line num="13" count="1" type="stmt"/>
      <line num="16" count="1" type="stmt"/>
      <line num="20" count="2" type="cond" truecount="1" falsecount="0"/>
      <line num="21" count="2" type="stmt"/>
      <line num="23" count="2" type="stmt"/>
      <line num="24" count="8" type="cond" truecount="2" falsecount="0"/>
      <line num="25" count="8" type="cond" truecount="4" falsecount="0"/>
      <line num="26" count="1" type="stmt"/>
      <line num="28" count="7" type="cond" truecount="4" falsecount="0"/>
      <line num="30" count="1" type="stmt"/>
      <line num="31" count="1" type="stmt"/>
      <line num="33" count="1" type="stmt"/>
      <line num="35" count="1" type="stmt"/>
      <line num="36" count="1" type="stmt"/>
      <line num="38" count="4" type="stmt"/>
      <line num="43" count="2" type="stmt"/>
    </file>
  </project>
</coverage>
