{"/Users/igor/projects/estudos/abac-estudos/src/index.ts": {"path":"/Users/igor/projects/estudos/abac-estudos/src/index.ts","statementMap":{"0":{"start":{"line":6,"column":22},"end":{"line":6,"column":88}},"1":{"start":{"line":6,"column":51},"end":{"line":6,"column":87}},"2":{"start":{"line":8,"column":4},"end":{"line":10,"column":null}},"3":{"start":{"line":9,"column":7},"end":{"line":9,"column":20}},"4":{"start":{"line":12,"column":4},"end":{"line":14,"column":null}},"5":{"start":{"line":12,"column":41},"end":{"line":12,"column":70}},"6":{"start":{"line":13,"column":8},"end":{"line":13,"column":21}},"7":{"start":{"line":16,"column":4},"end":{"line":16,"column":16}},"8":{"start":{"line":4,"column":0},"end":{"line":4,"column":16}},"9":{"start":{"line":21,"column":46},"end":{"line":21,"column":48}},"10":{"start":{"line":23,"column":4},"end":{"line":41,"column":null}},"11":{"start":{"line":24,"column":24},"end":{"line":24,"column":63}},"12":{"start":{"line":25,"column":8},"end":{"line":40,"column":null}},"13":{"start":{"line":26,"column":12},"end":{"line":26,"column":85}},"14":{"start":{"line":28,"column":12},"end":{"line":39,"column":null}},"15":{"start":{"line":30,"column":20},"end":{"line":30,"column":60}},"16":{"start":{"line":31,"column":20},"end":{"line":31,"column":26}},"17":{"start":{"line":33,"column":20},"end":{"line":33,"column":26}},"18":{"start":{"line":35,"column":20},"end":{"line":35,"column":50}},"19":{"start":{"line":36,"column":20},"end":{"line":36,"column":26}},"20":{"start":{"line":38,"column":20},"end":{"line":38,"column":50}},"21":{"start":{"line":43,"column":4},"end":{"line":43,"column":29}},"22":{"start":{"line":20,"column":0},"end":{"line":20,"column":16}}},"fnMap":{"0":{"name":"validateRoles","decl":{"start":{"line":4,"column":16},"end":{"line":4,"column":29}},"loc":{"start":{"line":4,"column":103},"end":{"line":17,"column":1}}},"1":{"name":"(anonymous_1)","decl":{"start":{"line":6,"column":43},"end":{"line":6,"column":47}},"loc":{"start":{"line":6,"column":51},"end":{"line":6,"column":87}}},"2":{"name":"(anonymous_2)","decl":{"start":{"line":12,"column":31},"end":{"line":12,"column":37}},"loc":{"start":{"line":12,"column":41},"end":{"line":12,"column":70}}},"3":{"name":"validateDataRoles","decl":{"start":{"line":20,"column":16},"end":{"line":20,"column":33}},"loc":{"start":{"line":20,"column":105},"end":{"line":44,"column":1}}}},"branchMap":{"0":{"loc":{"start":{"line":8,"column":4},"end":{"line":10,"column":null}},"type":"if","locations":[{"start":{"line":8,"column":4},"end":{"line":10,"column":null}}]},"1":{"loc":{"start":{"line":12,"column":4},"end":{"line":14,"column":null}},"type":"if","locations":[{"start":{"line":12,"column":4},"end":{"line":14,"column":null}}]},"2":{"loc":{"start":{"line":20,"column":91},"end":{"line":20,"column":105}},"type":"default-arg","locations":[{"start":{"line":20,"column":103},"end":{"line":20,"column":105}}]},"3":{"loc":{"start":{"line":24,"column":24},"end":{"line":24,"column":63}},"type":"cond-expr","locations":[{"start":{"line":24,"column":36},"end":{"line":24,"column":57}},{"start":{"line":24,"column":60},"end":{"line":24,"column":63}}]},"4":{"loc":{"start":{"line":25,"column":8},"end":{"line":40,"column":null}},"type":"if","locations":[{"start":{"line":25,"column":8},"end":{"line":40,"column":null}},{"start":{"line":27,"column":15},"end":{"line":40,"column":null}}]},"5":{"loc":{"start":{"line":25,"column":11},"end":{"line":25,"column":69}},"type":"binary-expr","locations":[{"start":{"line":25,"column":11},"end":{"line":25,"column":40}},{"start":{"line":25,"column":44},"end":{"line":25,"column":69}}]},"6":{"loc":{"start":{"line":28,"column":12},"end":{"line":39,"column":null}},"type":"switch","locations":[{"start":{"line":29,"column":16},"end":{"line":31,"column":26}},{"start":{"line":32,"column":16},"end":{"line":33,"column":26}},{"start":{"line":34,"column":16},"end":{"line":36,"column":26}},{"start":{"line":37,"column":16},"end":{"line":38,"column":50}}]}},"s":{"0":3,"1":4,"2":3,"3":1,"4":2,"5":5,"6":1,"7":1,"8":2,"9":2,"10":2,"11":8,"12":8,"13":1,"14":7,"15":1,"16":1,"17":1,"18":1,"19":1,"20":4,"21":2,"22":2},"f":{"0":3,"1":4,"2":5,"3":2},"b":{"0":[1],"1":[1],"2":[1],"3":[3,5],"4":[1,7],"5":[8,2],"6":[1,1,1,4]}}
}
