TN:
SF:src/index.ts
FN:4,validateRoles
FN:6,(anonymous_1)
FN:12,(anonymous_2)
FN:20,validateDataRoles
FNF:4
FNH:4
FNDA:3,validateRoles
FNDA:4,(anonymous_1)
FNDA:5,(anonymous_2)
FNDA:2,validateDataRoles
DA:4,2
DA:6,4
DA:8,3
DA:9,1
DA:12,5
DA:13,1
DA:16,1
DA:20,2
DA:21,2
DA:23,2
DA:24,8
DA:25,8
DA:26,1
DA:28,7
DA:30,1
DA:31,1
DA:33,1
DA:35,1
DA:36,1
DA:38,4
DA:43,2
LF:21
LH:21
BRDA:8,0,0,1
BRDA:12,1,0,1
BRDA:20,2,0,1
BRDA:24,3,0,3
BRDA:24,3,1,5
BRDA:25,4,0,1
BRDA:25,4,1,7
BRDA:25,5,0,8
BRDA:25,5,1,2
BRDA:28,6,0,1
BRDA:28,6,1,1
BRDA:28,6,2,1
BRDA:28,6,3,4
BRF:13
BRH:13
end_of_record
